INFO:sim:172 - Generating IP...
Resolving generics for 'SWORD_LED_CLK'...
Applying external generics to 'SWORD_LED_CLK'...
Delivering associated files for 'SWORD_LED_CLK'...
WARNING:sim - Component clk_wiz_v3_6 does not have a valid model name for
   Verilog synthesis
Delivering EJava files for 'SWORD_LED_CLK'...
Delivered 3 files into directory
D:/SoftWare/FPGA-Lab/adder_4bit/ipcore_dir/tmp/_cg/SWORD_LED_CLK
Delivered 1 file into directory
D:/SoftWare/FPGA-Lab/adder_4bit/ipcore_dir/tmp/_cg/SWORD_LED_CLK
Generating ASY schematic symbol...
Loading device for application Rf_Device from file '7k160t.nph' in environment
D:\SoftWare\Xilinx\14.7\ISE_DS\ISE\.
INFO:sim:949 - Finished generation of ASY schematic symbol.
Generating SYM schematic symbol for 'SWORD_LED_CLK'...
Generating ISE project...
XCO file found: SWORD_LED_CLK.xco
XMDF file found: SWORD_LED_CLK_xmdf.tcl
Adding D:/SoftWare/FPGA-Lab/adder_4bit/ipcore_dir/tmp/_cg/SWORD_LED_CLK.asy
-view all -origin_type imported
Adding D:/SoftWare/FPGA-Lab/adder_4bit/ipcore_dir/tmp/_cg/SWORD_LED_CLK.ucf
-view all -origin_type created
Adding D:/SoftWare/FPGA-Lab/adder_4bit/ipcore_dir/tmp/_cg/SWORD_LED_CLK.v -view
all -origin_type created
INFO:HDLCompiler:1845 - Analyzing Verilog file
   "D:/SoftWare/FPGA-Lab/adder_4bit/ipcore_dir/tmp/_cg/SWORD_LED_CLK.v" into
   library work
INFO:ProjectMgmt - Parsing design hierarchy completed successfully.
Adding D:/SoftWare/FPGA-Lab/adder_4bit/ipcore_dir/tmp/_cg/SWORD_LED_CLK.veo
-view all -origin_type imported
INFO:TclTasksC:2116 - The automatic calculation of top has been turned-off.
   Please set the new top explicitly by running the "project set top" command.
   To re-calculate the new top automatically, set the "Auto Implementation Top"
   property to true.
Top level has been set to "/SWORD_LED_CLK"
Generating README file...
Generating FLIST file...
INFO:sim:948 - Finished FLIST file generation.
Launching README viewer...
Moving files to output directory...
Finished moving files to output directory
Wrote CGP file for project 'SWORD_LED_CLK'.
